SF:/Users/danielnewville/Documents/GitHub/dart_holodex_api/lib/src/client.dart
DA:16,1
DA:22,2
DA:24,1
DA:46,1
DA:50,1
DA:54,1
DA:58,2
DA:60,4
DA:84,0
DA:101,0
DA:104,0
DA:107,0
DA:108,0
DA:109,0
DA:110,0
DA:113,0
DA:115,0
DA:117,0
DA:121,0
DA:126,0
DA:129,0
DA:132,0
DA:135,0
DA:138,0
DA:141,0
DA:144,0
DA:146,0
DA:150,0
DA:151,0
DA:154,0
DA:155,0
DA:156,0
DA:195,0
DA:215,0
DA:218,0
DA:219,0
DA:223,0
DA:224,0
DA:225,0
DA:226,0
DA:229,0
DA:231,0
DA:233,0
DA:236,0
DA:240,0
DA:243,0
DA:246,0
DA:249,0
DA:252,0
DA:255,0
DA:258,0
DA:260,0
DA:264,0
DA:265,0
DA:268,0
DA:269,0
DA:271,0
DA:272,0
DA:283,0
DA:285,0
DA:287,0
DA:300,0
DA:309,0
DA:312,0
DA:315,0
DA:316,0
DA:317,0
DA:318,0
DA:321,0
DA:325,0
DA:329,0
DA:331,0
DA:333,0
DA:336,0
DA:337,0
DA:351,0
DA:354,0
DA:355,0
DA:358,0
DA:360,0
DA:362,0
DA:363,0
DA:364,0
DA:381,0
DA:389,0
DA:414,0
DA:422,0
DA:447,0
DA:455,0
DA:480,0
DA:490,0
DA:492,0
DA:495,0
DA:496,0
DA:497,0
DA:501,0
DA:503,0
DA:504,0
DA:506,0
DA:508,0
DA:513,0
DA:514,0
DA:517,0
DA:518,0
DA:519,0
DA:534,0
DA:539,0
DA:542,0
DA:545,0
DA:548,0
DA:549,0
DA:550,0
DA:551,0
DA:552,0
DA:553,0
DA:555,0
DA:557,0
DA:579,0
DA:591,0
DA:593,0
DA:594,0
DA:600,0
DA:601,0
DA:606,0
DA:607,0
DA:609,0
DA:613,0
DA:614,0
DA:616,0
DA:617,0
DA:621,0
DA:622,0
DA:627,0
DA:628,0
DA:633,0
DA:634,0
DA:639,0
DA:643,0
DA:644,0
DA:647,0
DA:648,0
DA:649,0
DA:670,0
DA:682,0
DA:684,0
DA:685,0
DA:691,0
DA:692,0
DA:698,0
DA:703,0
DA:704,0
DA:706,0
DA:710,0
DA:711,0
DA:713,0
DA:714,0
DA:718,0
DA:719,0
DA:724,0
DA:725,0
DA:730,0
DA:734,0
DA:735,0
DA:738,0
DA:739,0
DA:740,0
DA:743,0
DA:744,0
DA:747,0
DA:749,0
DA:750,0
DA:754,0
DA:756,0
DA:758,0
DA:762,0
DA:763,0
DA:766,0
DA:768,0
DA:772,0
DA:776,0
DA:777,0
DA:779,0
DA:780,0
DA:784,0
DA:785,0
DA:786,0
DA:790,0
DA:792,0
DA:796,0
DA:797,0
DA:799,0
DA:800,0
DA:804,0
DA:806,0
DA:810,0
DA:813,0
DA:817,0
DA:819,0
DA:823,1
DA:824,1
DA:827,3
DA:828,1
DA:830,1
DA:831,2
DA:835,0
DA:836,0
DA:839,0
DA:841,0
DA:842,0
DA:846,0
DA:847,0
DA:850,0
DA:852,0
DA:853,0
DA:857,0
DA:858,0
DA:860,0
DA:861,0
DA:869,1
DA:875,1
DA:876,2
DA:878,1
DA:882,3
DA:883,3
DA:885,0
DA:888,0
DA:894,0
DA:901,0
DA:902,0
DA:904,0
DA:908,0
DA:909,0
DA:911,0
DA:914,0
DA:919,1
DA:920,1
DA:921,0
DA:923,1
DA:924,1
DA:930,1
DA:931,2
LF:241
LH:26
end_of_record
SF:/Users/danielnewville/Documents/GitHub/dart_holodex_api/lib/src/exception.dart
DA:6,0
DA:8,0
DA:10,0
DA:11,0
LF:4
LH:0
end_of_record
SF:/Users/danielnewville/Documents/GitHub/dart_holodex_api/lib/src/models/channel_min.dart
DA:11,1
DA:19,0
DA:26,0
DA:27,0
DA:28,0
DA:29,0
DA:30,0
DA:31,0
DA:35,0
DA:36,0
DA:37,0
DA:38,0
DA:39,0
DA:40,0
DA:41,0
DA:45,1
DA:46,1
DA:47,1
DA:48,1
DA:49,1
DA:50,2
DA:52,1
DA:56,0
DA:58,0
DA:59,0
DA:61,0
DA:64,0
DA:66,0
DA:67,0
DA:68,0
DA:69,0
DA:70,0
DA:71,0
LF:33
LH:8
end_of_record
SF:/Users/danielnewville/Documents/GitHub/dart_holodex_api/lib/src/models/video_full.dart
DA:5,1
DA:29,1
DA:66,0
DA:92,0
DA:93,0
DA:94,0
DA:95,0
DA:96,0
DA:97,0
DA:98,0
DA:99,0
DA:100,0
DA:101,0
DA:102,0
DA:103,0
DA:104,0
DA:105,0
DA:106,0
DA:107,0
DA:108,0
DA:109,0
DA:110,0
DA:111,0
DA:112,0
DA:113,0
DA:114,0
DA:115,0
DA:119,0
DA:121,0
DA:122,0
DA:123,0
DA:124,0
DA:125,0
DA:126,0
DA:127,0
DA:128,0
DA:129,0
DA:130,0
DA:131,0
DA:132,0
DA:133,0
DA:134,0
DA:135,0
DA:136,0
DA:137,0
DA:138,0
DA:139,0
DA:140,0
DA:141,0
DA:142,0
DA:143,0
DA:144,0
DA:148,1
DA:149,1
DA:150,1
DA:151,1
DA:152,2
DA:154,1
DA:155,1
DA:156,1
DA:157,1
DA:158,2
DA:160,1
DA:161,1
DA:162,1
DA:163,1
DA:164,1
DA:165,1
DA:166,1
DA:167,1
DA:168,1
DA:169,1
DA:171,1
DA:172,2
DA:174,1
DA:175,2
DA:177,1
DA:178,2
DA:180,1
DA:181,2
DA:183,1
DA:184,2
DA:186,1
DA:187,2
DA:192,0
DA:193,0
DA:195,0
DA:196,0
DA:198,0
DA:201,0
DA:203,0
DA:204,0
DA:205,0
DA:206,0
DA:207,0
DA:208,0
DA:209,0
DA:210,0
LF:98
LH:34
end_of_record
SF:/Users/danielnewville/Documents/GitHub/dart_holodex_api/lib/src/models/video.dart
DA:46,1
DA:66,0
DA:85,0
DA:86,0
DA:87,0
DA:88,0
DA:89,0
DA:90,0
DA:91,0
DA:92,0
DA:93,0
DA:94,0
DA:95,0
DA:96,0
DA:97,0
DA:98,0
DA:99,0
DA:100,0
DA:101,0
DA:102,0
DA:106,0
DA:107,0
DA:108,0
DA:109,0
DA:110,0
DA:111,0
DA:112,0
DA:113,0
DA:114,0
DA:115,0
DA:116,0
DA:117,0
DA:118,0
DA:119,0
DA:120,0
DA:121,0
DA:122,0
DA:123,0
DA:124,0
DA:128,0
DA:129,0
DA:130,0
DA:131,0
DA:132,0
DA:134,0
DA:135,0
DA:136,0
DA:137,0
DA:138,0
DA:140,0
DA:141,0
DA:142,0
DA:143,0
DA:144,0
DA:145,0
DA:146,0
DA:147,0
DA:148,0
DA:152,0
DA:154,0
DA:156,0
DA:159,0
DA:161,0
DA:162,0
DA:163,0
DA:164,0
DA:165,0
DA:166,0
DA:167,0
DA:168,0
DA:169,0
DA:170,0
DA:171,0
DA:172,0
DA:173,0
DA:174,0
DA:175,0
DA:176,0
DA:177,0
LF:79
LH:1
end_of_record
SF:/Users/danielnewville/Documents/GitHub/dart_holodex_api/lib/src/models/channel.dart
DA:18,0
DA:36,0
DA:43,0
DA:45,0
DA:46,0
DA:47,0
DA:48,0
DA:49,0
DA:50,0
DA:51,0
DA:52,0
DA:53,0
DA:54,0
DA:55,0
DA:56,0
DA:57,0
DA:58,0
DA:59,0
DA:60,0
DA:61,0
DA:62,0
DA:66,0
DA:67,0
DA:68,0
DA:69,0
DA:70,0
DA:71,0
DA:73,0
DA:74,0
DA:75,0
DA:76,0
DA:77,0
DA:78,0
DA:79,0
DA:80,0
DA:81,0
DA:82,0
DA:83,0
DA:84,0
DA:85,0
DA:89,0
DA:90,0
DA:92,0
DA:93,0
DA:95,0
DA:115,0
DA:116,0
DA:117,0
DA:118,0
DA:119,0
DA:120,0
DA:121,0
DA:122,0
DA:123,0
DA:124,0
DA:125,0
DA:126,0
DA:127,0
DA:128,0
DA:129,0
DA:130,0
DA:131,0
DA:132,0
DA:136,0
DA:139,0
DA:141,0
DA:142,0
DA:143,0
DA:144,0
DA:145,0
DA:146,0
DA:147,0
DA:148,0
DA:149,0
DA:150,0
DA:151,0
DA:152,0
DA:153,0
DA:154,0
LF:79
LH:0
end_of_record
SF:/Users/danielnewville/Documents/GitHub/dart_holodex_api/lib/src/models/video_full_list.dart
DA:13,0
DA:19,0
DA:24,0
DA:25,0
DA:26,0
DA:27,0
DA:31,0
DA:32,0
DA:33,0
DA:34,0
DA:35,0
DA:39,0
DA:40,0
DA:41,0
DA:42,0
DA:44,0
DA:46,0
DA:47,0
DA:48,0
DA:53,0
DA:55,0
DA:56,0
DA:58,0
DA:61,0
DA:63,0
DA:64,0
DA:65,0
DA:66,0
LF:28
LH:0
end_of_record
SF:/Users/danielnewville/Documents/GitHub/dart_holodex_api/lib/src/models/comment.dart
DA:9,0
DA:15,0
DA:16,0
DA:17,0
DA:18,0
DA:19,0
DA:23,0
DA:24,0
DA:25,0
DA:26,0
DA:27,0
DA:31,0
DA:36,0
DA:37,0
DA:38,0
DA:39,0
DA:43,0
DA:45,0
DA:46,0
DA:48,0
DA:51,0
DA:53,0
DA:54,0
DA:55,0
DA:56,0
LF:25
LH:0
end_of_record
SF:/Users/danielnewville/Documents/GitHub/dart_holodex_api/lib/src/models/song.dart
DA:10,0
DA:19,0
DA:27,0
DA:28,0
DA:29,0
DA:30,0
DA:31,0
DA:32,0
DA:33,0
DA:37,0
DA:38,0
DA:39,0
DA:40,0
DA:41,0
DA:42,0
DA:43,0
DA:44,0
DA:48,0
DA:49,0
DA:50,0
DA:51,0
DA:52,0
DA:53,0
DA:54,0
DA:55,0
DA:59,0
DA:61,0
DA:63,0
DA:66,0
DA:68,0
DA:69,0
DA:70,0
DA:71,0
DA:72,0
DA:73,0
DA:74,0
LF:36
LH:0
end_of_record
SF:/Users/danielnewville/Documents/GitHub/dart_holodex_api/lib/src/models/video_with_comments.dart
DA:6,0
DA:25,0
DA:45,0
DA:66,0
DA:67,0
DA:68,0
DA:69,0
DA:70,0
DA:71,0
DA:72,0
DA:73,0
DA:74,0
DA:75,0
DA:76,0
DA:77,0
DA:78,0
DA:79,0
DA:80,0
DA:81,0
DA:82,0
DA:83,0
DA:84,0
DA:88,0
DA:90,0
DA:91,0
DA:92,0
DA:93,0
DA:94,0
DA:95,0
DA:96,0
DA:97,0
DA:98,0
DA:99,0
DA:100,0
DA:101,0
DA:102,0
DA:103,0
DA:104,0
DA:105,0
DA:106,0
DA:107,0
DA:108,0
DA:112,0
DA:113,0
DA:114,0
DA:115,0
DA:116,0
DA:118,0
DA:119,0
DA:120,0
DA:121,0
DA:122,0
DA:124,0
DA:125,0
DA:126,0
DA:127,0
DA:128,0
DA:129,0
DA:130,0
DA:131,0
DA:132,0
DA:133,0
DA:134,0
DA:139,0
DA:140,0
DA:142,0
DA:143,0
DA:145,0
DA:148,0
DA:150,0
DA:151,0
DA:152,0
LF:72
LH:0
end_of_record
SF:/Users/danielnewville/Documents/GitHub/dart_holodex_api/lib/src/models/video_with_comments_list.dart
DA:13,0
DA:19,0
DA:24,0
DA:25,0
DA:26,0
DA:27,0
DA:31,0
DA:32,0
DA:33,0
DA:34,0
DA:35,0
DA:39,0
DA:40,0
DA:41,0
DA:42,0
DA:44,0
DA:46,0
DA:47,0
DA:48,0
DA:49,0
DA:51,0
DA:56,0
DA:58,0
DA:59,0
DA:61,0
DA:64,0
DA:66,0
DA:67,0
DA:68,0
DA:69,0
LF:30
LH:0
end_of_record
SF:/Users/danielnewville/Documents/GitHub/dart_holodex_api/lib/src/models/video_metadata.dart
DA:7,0
DA:13,0
DA:18,0
DA:19,0
DA:20,0
DA:21,0
DA:25,0
DA:26,0
DA:27,0
DA:28,0
DA:30,0
DA:34,0
DA:35,0
DA:36,0
DA:37,0
DA:38,0
DA:39,0
DA:40,0
DA:44,0
DA:46,0
DA:47,0
DA:49,0
DA:52,0
DA:54,0
DA:55,0
DA:56,0
DA:57,0
LF:27
LH:0
end_of_record
SF:/Users/danielnewville/Documents/GitHub/dart_holodex_api/lib/src/enums.dart
DA:6,2
DA:8,1
DA:10,2
DA:15,1
DA:27,1
DA:47,1
DA:57,1
DA:68,1
DA:100,1
DA:129,1
DA:131,1
DA:137,0
DA:138,0
DA:144,0
DA:145,0
DA:151,1
DA:152,1
DA:164,1
DA:170,0
DA:171,0
DA:174,0
DA:180,0
DA:181,0
DA:186,1
DA:187,1
DA:192,0
DA:193,0
DA:204,0
DA:210,0
DA:211,0
DA:222,0
DA:228,0
DA:229,0
DA:236,0
DA:242,1
DA:243,1
DA:250,1
DA:256,0
DA:257,0
DA:262,0
DA:263,0
DA:268,0
DA:269,0
DA:274,0
DA:280,0
DA:281,0
DA:286,0
DA:287,0
DA:296,0
LF:49
LH:19
end_of_record
SF:/Users/danielnewville/Documents/GitHub/dart_holodex_api/lib/src/client_base.dart
DA:7,0
LF:1
LH:0
end_of_record
