SF:/Users/danielnewville/Documents/GitHub/dart_holodex_api/lib/src/client.dart
DA:16,1
DA:22,2
DA:24,0
DA:46,1
DA:50,1
DA:53,1
DA:56,2
DA:58,4
DA:82,0
DA:99,0
DA:102,0
DA:105,0
DA:106,0
DA:107,0
DA:108,0
DA:111,0
DA:113,0
DA:115,0
DA:118,0
DA:122,0
DA:125,0
DA:128,0
DA:131,0
DA:134,0
DA:137,0
DA:140,0
DA:142,0
DA:146,0
DA:147,0
DA:150,0
DA:151,0
DA:152,0
DA:191,0
DA:211,0
DA:214,0
DA:215,0
DA:219,0
DA:220,0
DA:221,0
DA:222,0
DA:225,0
DA:227,0
DA:229,0
DA:232,0
DA:236,0
DA:239,0
DA:242,0
DA:245,0
DA:248,0
DA:251,0
DA:254,0
DA:256,0
DA:260,0
DA:261,0
DA:264,0
DA:265,0
DA:267,0
DA:268,0
DA:279,0
DA:281,0
DA:283,0
DA:296,0
DA:305,0
DA:308,0
DA:311,0
DA:312,0
DA:313,0
DA:314,0
DA:317,0
DA:320,0
DA:323,0
DA:325,0
DA:327,0
DA:330,0
DA:331,0
DA:345,0
DA:348,0
DA:349,0
DA:352,0
DA:354,0
DA:356,0
DA:357,0
DA:358,0
DA:375,0
DA:383,0
DA:408,0
DA:416,0
DA:441,0
DA:449,0
DA:474,0
DA:484,0
DA:486,0
DA:489,0
DA:490,0
DA:491,0
DA:494,0
DA:495,0
DA:496,0
DA:498,0
DA:500,0
DA:505,0
DA:506,0
DA:509,0
DA:510,0
DA:511,0
DA:526,0
DA:531,0
DA:533,0
DA:535,0
DA:538,0
DA:539,0
DA:540,0
DA:541,0
DA:542,0
DA:543,0
DA:545,0
DA:547,0
DA:569,0
DA:581,0
DA:583,0
DA:584,0
DA:590,0
DA:591,0
DA:596,0
DA:597,0
DA:599,0
DA:603,0
DA:604,0
DA:606,0
DA:607,0
DA:611,0
DA:612,0
DA:617,0
DA:618,0
DA:623,0
DA:624,0
DA:629,0
DA:633,0
DA:634,0
DA:637,0
DA:638,0
DA:639,0
DA:660,0
DA:672,0
DA:674,0
DA:675,0
DA:681,0
DA:682,0
DA:688,0
DA:693,0
DA:694,0
DA:696,0
DA:700,0
DA:701,0
DA:703,0
DA:704,0
DA:708,0
DA:709,0
DA:714,0
DA:715,0
DA:720,0
DA:724,0
DA:725,0
DA:728,0
DA:729,0
DA:730,0
DA:733,0
DA:734,0
DA:737,0
DA:739,0
DA:740,0
DA:744,0
DA:746,0
DA:748,0
DA:752,0
DA:753,0
DA:756,0
DA:758,0
DA:762,0
DA:766,0
DA:767,0
DA:769,0
DA:770,0
DA:774,0
DA:775,0
DA:776,0
DA:780,0
DA:782,0
DA:786,0
DA:787,0
DA:789,0
DA:790,0
DA:794,0
DA:796,0
DA:800,0
DA:803,0
DA:807,0
DA:809,0
DA:813,1
DA:814,0
DA:817,0
DA:818,0
DA:820,0
DA:821,0
DA:825,0
DA:826,0
DA:829,0
DA:831,0
DA:832,0
DA:836,0
DA:837,0
DA:840,0
DA:842,0
DA:843,0
DA:847,0
DA:848,0
DA:850,0
DA:851,0
DA:859,1
DA:865,1
DA:866,2
DA:868,1
DA:872,3
DA:873,3
DA:875,0
DA:878,0
DA:884,0
DA:891,0
DA:892,0
DA:894,0
DA:898,0
DA:899,0
DA:901,0
DA:904,0
DA:909,1
DA:910,1
DA:911,0
DA:913,1
DA:914,1
DA:920,1
DA:921,2
LF:241
LH:20
end_of_record
SF:/Users/danielnewville/Documents/GitHub/dart_holodex_api/lib/src/exception.dart
DA:6,0
DA:8,0
DA:10,0
DA:11,0
LF:4
LH:0
end_of_record
SF:/Users/danielnewville/Documents/GitHub/dart_holodex_api/lib/src/models/channel_min.dart
DA:11,1
DA:19,0
DA:26,0
DA:27,0
DA:28,0
DA:29,0
DA:30,0
DA:31,0
DA:35,0
DA:36,0
DA:37,0
DA:38,0
DA:39,0
DA:40,0
DA:41,0
DA:45,1
DA:46,1
DA:47,1
DA:48,1
DA:49,1
DA:50,2
DA:52,1
DA:56,0
DA:58,0
DA:59,0
DA:61,0
DA:64,0
DA:66,0
DA:67,0
DA:68,0
DA:69,0
DA:70,0
DA:71,0
LF:33
LH:8
end_of_record
SF:/Users/danielnewville/Documents/GitHub/dart_holodex_api/lib/src/models/video_full.dart
DA:5,1
DA:29,1
DA:66,0
DA:92,0
DA:93,0
DA:94,0
DA:95,0
DA:96,0
DA:97,0
DA:98,0
DA:99,0
DA:100,0
DA:101,0
DA:102,0
DA:103,0
DA:104,0
DA:105,0
DA:106,0
DA:107,0
DA:108,0
DA:109,0
DA:110,0
DA:111,0
DA:112,0
DA:113,0
DA:114,0
DA:115,0
DA:119,0
DA:121,0
DA:122,0
DA:123,0
DA:124,0
DA:125,0
DA:126,0
DA:127,0
DA:128,0
DA:129,0
DA:130,0
DA:131,0
DA:132,0
DA:133,0
DA:134,0
DA:135,0
DA:136,0
DA:137,0
DA:138,0
DA:139,0
DA:140,0
DA:141,0
DA:142,0
DA:143,0
DA:144,0
DA:148,1
DA:149,1
DA:150,1
DA:151,1
DA:152,2
DA:154,1
DA:155,1
DA:156,1
DA:157,1
DA:158,2
DA:160,1
DA:161,1
DA:162,1
DA:163,1
DA:164,1
DA:165,1
DA:166,1
DA:167,1
DA:168,1
DA:169,1
DA:171,1
DA:172,2
DA:174,1
DA:175,2
DA:177,1
DA:178,2
DA:180,1
DA:181,2
DA:183,1
DA:184,2
DA:186,1
DA:187,2
DA:192,0
DA:193,0
DA:195,0
DA:196,0
DA:198,1
DA:201,1
DA:203,1
DA:204,2
DA:205,2
DA:206,2
DA:207,2
DA:208,2
DA:209,2
DA:210,2
LF:98
LH:44
end_of_record
SF:/Users/danielnewville/Documents/GitHub/dart_holodex_api/lib/src/models/video.dart
DA:46,1
DA:66,0
DA:85,0
DA:86,0
DA:87,0
DA:88,0
DA:89,0
DA:90,0
DA:91,0
DA:92,0
DA:93,0
DA:94,0
DA:95,0
DA:96,0
DA:97,0
DA:98,0
DA:99,0
DA:100,0
DA:101,0
DA:102,0
DA:106,0
DA:107,0
DA:108,0
DA:109,0
DA:110,0
DA:111,0
DA:112,0
DA:113,0
DA:114,0
DA:115,0
DA:116,0
DA:117,0
DA:118,0
DA:119,0
DA:120,0
DA:121,0
DA:122,0
DA:123,0
DA:124,0
DA:128,0
DA:129,0
DA:130,0
DA:131,0
DA:132,0
DA:134,0
DA:135,0
DA:136,0
DA:137,0
DA:138,0
DA:140,0
DA:141,0
DA:142,0
DA:143,0
DA:144,0
DA:145,0
DA:146,0
DA:147,0
DA:148,0
DA:152,0
DA:154,0
DA:156,0
DA:159,1
DA:161,1
DA:162,2
DA:163,2
DA:164,2
DA:165,2
DA:166,2
DA:167,2
DA:168,2
DA:169,2
DA:170,2
DA:171,2
DA:172,2
DA:173,2
DA:174,2
DA:175,2
DA:176,2
DA:177,2
LF:79
LH:19
end_of_record
SF:/Users/danielnewville/Documents/GitHub/dart_holodex_api/lib/src/models/channel.dart
DA:18,0
DA:36,0
DA:43,0
DA:45,0
DA:46,0
DA:47,0
DA:48,0
DA:49,0
DA:50,0
DA:51,0
DA:52,0
DA:53,0
DA:54,0
DA:55,0
DA:56,0
DA:57,0
DA:58,0
DA:59,0
DA:60,0
DA:61,0
DA:62,0
DA:66,0
DA:67,0
DA:68,0
DA:69,0
DA:70,0
DA:71,0
DA:73,0
DA:74,0
DA:75,0
DA:76,0
DA:77,0
DA:78,0
DA:79,0
DA:80,0
DA:81,0
DA:82,0
DA:83,0
DA:84,0
DA:85,0
DA:89,0
DA:90,0
DA:92,0
DA:93,0
DA:95,0
DA:115,0
DA:116,0
DA:117,0
DA:118,0
DA:119,0
DA:120,0
DA:121,0
DA:122,0
DA:123,0
DA:124,0
DA:125,0
DA:126,0
DA:127,0
DA:128,0
DA:129,0
DA:130,0
DA:131,0
DA:132,0
DA:136,0
DA:139,0
DA:141,0
DA:142,0
DA:143,0
DA:144,0
DA:145,0
DA:146,0
DA:147,0
DA:148,0
DA:149,0
DA:150,0
DA:151,0
DA:152,0
DA:153,0
DA:154,0
LF:79
LH:0
end_of_record
SF:/Users/danielnewville/Documents/GitHub/dart_holodex_api/lib/src/models/video_full_list.dart
DA:13,0
DA:19,0
DA:24,0
DA:25,0
DA:26,0
DA:27,0
DA:31,0
DA:32,0
DA:33,0
DA:34,0
DA:35,0
DA:39,0
DA:40,0
DA:41,0
DA:42,0
DA:44,0
DA:46,0
DA:47,0
DA:48,0
DA:53,0
DA:55,0
DA:56,0
DA:58,0
DA:61,0
DA:63,0
DA:64,0
DA:65,0
DA:66,0
LF:28
LH:0
end_of_record
SF:/Users/danielnewville/Documents/GitHub/dart_holodex_api/lib/src/models/comment.dart
DA:9,0
DA:15,0
DA:16,0
DA:17,0
DA:18,0
DA:19,0
DA:23,0
DA:24,0
DA:25,0
DA:26,0
DA:27,0
DA:31,0
DA:36,0
DA:37,0
DA:38,0
DA:39,0
DA:43,0
DA:45,0
DA:46,0
DA:48,0
DA:51,0
DA:53,0
DA:54,0
DA:55,0
DA:56,0
LF:25
LH:0
end_of_record
SF:/Users/danielnewville/Documents/GitHub/dart_holodex_api/lib/src/models/song.dart
DA:10,0
DA:19,0
DA:27,0
DA:28,0
DA:29,0
DA:30,0
DA:31,0
DA:32,0
DA:33,0
DA:37,0
DA:38,0
DA:39,0
DA:40,0
DA:41,0
DA:42,0
DA:43,0
DA:44,0
DA:48,0
DA:49,0
DA:50,0
DA:51,0
DA:52,0
DA:53,0
DA:54,0
DA:55,0
DA:59,0
DA:61,0
DA:63,0
DA:66,0
DA:68,0
DA:69,0
DA:70,0
DA:71,0
DA:72,0
DA:73,0
DA:74,0
LF:36
LH:0
end_of_record
SF:/Users/danielnewville/Documents/GitHub/dart_holodex_api/lib/src/models/video_with_comments.dart
DA:6,0
DA:25,0
DA:45,0
DA:66,0
DA:67,0
DA:68,0
DA:69,0
DA:70,0
DA:71,0
DA:72,0
DA:73,0
DA:74,0
DA:75,0
DA:76,0
DA:77,0
DA:78,0
DA:79,0
DA:80,0
DA:81,0
DA:82,0
DA:83,0
DA:84,0
DA:88,0
DA:90,0
DA:91,0
DA:92,0
DA:93,0
DA:94,0
DA:95,0
DA:96,0
DA:97,0
DA:98,0
DA:99,0
DA:100,0
DA:101,0
DA:102,0
DA:103,0
DA:104,0
DA:105,0
DA:106,0
DA:107,0
DA:108,0
DA:112,0
DA:113,0
DA:114,0
DA:115,0
DA:116,0
DA:118,0
DA:119,0
DA:120,0
DA:121,0
DA:122,0
DA:124,0
DA:125,0
DA:126,0
DA:127,0
DA:128,0
DA:129,0
DA:130,0
DA:131,0
DA:132,0
DA:133,0
DA:134,0
DA:139,0
DA:140,0
DA:142,0
DA:143,0
DA:145,0
DA:148,0
DA:150,0
DA:151,0
DA:152,0
LF:72
LH:0
end_of_record
SF:/Users/danielnewville/Documents/GitHub/dart_holodex_api/lib/src/models/video_with_comments_list.dart
DA:13,0
DA:19,0
DA:24,0
DA:25,0
DA:26,0
DA:27,0
DA:31,0
DA:32,0
DA:33,0
DA:34,0
DA:35,0
DA:39,0
DA:40,0
DA:41,0
DA:42,0
DA:44,0
DA:46,0
DA:47,0
DA:48,0
DA:49,0
DA:51,0
DA:56,0
DA:58,0
DA:59,0
DA:61,0
DA:64,0
DA:66,0
DA:67,0
DA:68,0
DA:69,0
LF:30
LH:0
end_of_record
SF:/Users/danielnewville/Documents/GitHub/dart_holodex_api/lib/src/models/video_metadata.dart
DA:7,0
DA:13,0
DA:18,0
DA:19,0
DA:20,0
DA:21,0
DA:25,0
DA:26,0
DA:27,0
DA:28,0
DA:30,0
DA:34,0
DA:35,0
DA:36,0
DA:37,0
DA:38,0
DA:39,0
DA:40,0
DA:44,0
DA:46,0
DA:47,0
DA:49,0
DA:52,0
DA:54,0
DA:55,0
DA:56,0
DA:57,0
LF:27
LH:0
end_of_record
SF:/Users/danielnewville/Documents/GitHub/dart_holodex_api/lib/src/enums.dart
DA:6,2
DA:8,2
DA:10,2
DA:15,1
DA:27,1
DA:47,1
DA:57,1
DA:68,1
DA:100,1
DA:129,1
DA:131,1
DA:137,0
DA:138,0
DA:144,0
DA:145,0
DA:151,0
DA:152,0
DA:164,0
DA:170,0
DA:171,0
DA:174,0
DA:180,0
DA:181,0
DA:186,1
DA:187,1
DA:192,0
DA:193,0
DA:204,0
DA:210,0
DA:211,0
DA:222,0
DA:228,0
DA:229,0
DA:236,0
DA:242,1
DA:243,1
DA:250,1
DA:256,0
DA:257,0
DA:262,0
DA:263,0
DA:268,0
DA:269,0
DA:274,0
DA:280,0
DA:281,0
DA:286,0
DA:287,0
DA:296,0
LF:49
LH:16
end_of_record
SF:/Users/danielnewville/Documents/GitHub/dart_holodex_api/lib/src/client_base.dart
DA:7,1
LF:1
LH:1
end_of_record
